{"E:\\NamasteReact\\BiteBuddy\\src\\components\\Body.js": {"path":"E:\\NamasteReact\\BiteBuddy\\src\\components\\Body.js","statementMap":{"0":{"start":{"line":10,"column":20},"end":{"line":164,"column":1}},"1":{"start":{"line":11,"column":36},"end":{"line":11,"column":48}},"2":{"start":{"line":12,"column":44},"end":{"line":12,"column":56}},"3":{"start":{"line":13,"column":44},"end":{"line":13,"column":59}},"4":{"start":{"line":14,"column":38},"end":{"line":14,"column":50}},"5":{"start":{"line":15,"column":50},"end":{"line":15,"column":64}},"6":{"start":{"line":16,"column":40},"end":{"line":16,"column":63}},"7":{"start":{"line":17,"column":23},"end":{"line":17,"column":40}},"8":{"start":{"line":18,"column":25},"end":{"line":18,"column":43}},"9":{"start":{"line":20,"column":2},"end":{"line":22,"column":9}},"10":{"start":{"line":21,"column":4},"end":{"line":21,"column":16}},"11":{"start":{"line":24,"column":20},"end":{"line":52,"column":3}},"12":{"start":{"line":25,"column":4},"end":{"line":51,"column":5}},"13":{"start":{"line":26,"column":19},"end":{"line":28,"column":7}},"14":{"start":{"line":30,"column":6},"end":{"line":32,"column":7}},"15":{"start":{"line":31,"column":8},"end":{"line":31,"column":62}},"16":{"start":{"line":33,"column":19},"end":{"line":33,"column":36}},"17":{"start":{"line":37,"column":8},"end":{"line":38,"column":23}},"18":{"start":{"line":40,"column":6},"end":{"line":42,"column":7}},"19":{"start":{"line":41,"column":8},"end":{"line":41,"column":56}},"20":{"start":{"line":44,"column":6},"end":{"line":44,"column":28}},"21":{"start":{"line":45,"column":6},"end":{"line":45,"column":32}},"22":{"start":{"line":49,"column":6},"end":{"line":49,"column":77}},"23":{"start":{"line":50,"column":6},"end":{"line":50,"column":72}},"24":{"start":{"line":54,"column":21},"end":{"line":56,"column":3}},"25":{"start":{"line":55,"column":4},"end":{"line":55,"column":73}},"26":{"start":{"line":58,"column":23},"end":{"line":66,"column":3}},"27":{"start":{"line":59,"column":4},"end":{"line":59,"column":28}},"28":{"start":{"line":60,"column":4},"end":{"line":65,"column":5}},"29":{"start":{"line":61,"column":6},"end":{"line":61,"column":29}},"30":{"start":{"line":63,"column":6},"end":{"line":63,"column":30}},"31":{"start":{"line":64,"column":6},"end":{"line":64,"column":35}},"32":{"start":{"line":68,"column":22},"end":{"line":76,"column":3}},"33":{"start":{"line":69,"column":25},"end":{"line":69,"column":55}},"34":{"start":{"line":70,"column":4},"end":{"line":75,"column":5}},"35":{"start":{"line":71,"column":6},"end":{"line":71,"column":49}},"36":{"start":{"line":72,"column":6},"end":{"line":72,"column":24}},"37":{"start":{"line":73,"column":6},"end":{"line":73,"column":34}},"38":{"start":{"line":74,"column":6},"end":{"line":74,"column":30}},"39":{"start":{"line":78,"column":20},"end":{"line":92,"column":3}},"40":{"start":{"line":79,"column":4},"end":{"line":79,"column":22}},"41":{"start":{"line":80,"column":4},"end":{"line":91,"column":5}},"42":{"start":{"line":81,"column":21},"end":{"line":83,"column":7}},"43":{"start":{"line":82,"column":24},"end":{"line":82,"column":55}},"44":{"start":{"line":84,"column":6},"end":{"line":84,"column":31}},"45":{"start":{"line":85,"column":6},"end":{"line":85,"column":44}},"46":{"start":{"line":86,"column":6},"end":{"line":86,"column":33}},"47":{"start":{"line":88,"column":6},"end":{"line":88,"column":34}},"48":{"start":{"line":89,"column":6},"end":{"line":89,"column":32}},"49":{"start":{"line":90,"column":6},"end":{"line":90,"column":30}},"50":{"start":{"line":95,"column":2},"end":{"line":101,"column":6}},"51":{"start":{"line":96,"column":4},"end":{"line":101,"column":6}},"52":{"start":{"line":104,"column":2},"end":{"line":163,"column":4}},"53":{"start":{"line":117,"column":14},"end":{"line":117,"column":48}},"54":{"start":{"line":134,"column":14},"end":{"line":134,"column":42}},"55":{"start":{"line":148,"column":12},"end":{"line":158,"column":19}}},"fnMap":{"0":{"name":"(anonymous_0)","decl":{"start":{"line":10,"column":20},"end":{"line":10,"column":21}},"loc":{"start":{"line":10,"column":26},"end":{"line":164,"column":1}},"line":10},"1":{"name":"(anonymous_1)","decl":{"start":{"line":20,"column":12},"end":{"line":20,"column":13}},"loc":{"start":{"line":20,"column":18},"end":{"line":22,"column":3}},"line":20},"2":{"name":"(anonymous_2)","decl":{"start":{"line":24,"column":20},"end":{"line":24,"column":21}},"loc":{"start":{"line":24,"column":32},"end":{"line":52,"column":3}},"line":24},"3":{"name":"(anonymous_3)","decl":{"start":{"line":54,"column":38},"end":{"line":54,"column":39}},"loc":{"start":{"line":55,"column":4},"end":{"line":55,"column":73}},"line":55},"4":{"name":"(anonymous_4)","decl":{"start":{"line":58,"column":23},"end":{"line":58,"column":24}},"loc":{"start":{"line":58,"column":29},"end":{"line":66,"column":3}},"line":58},"5":{"name":"(anonymous_5)","decl":{"start":{"line":68,"column":22},"end":{"line":68,"column":23}},"loc":{"start":{"line":68,"column":28},"end":{"line":76,"column":3}},"line":68},"6":{"name":"(anonymous_6)","decl":{"start":{"line":78,"column":20},"end":{"line":78,"column":21}},"loc":{"start":{"line":78,"column":26},"end":{"line":92,"column":3}},"line":78},"7":{"name":"(anonymous_7)","decl":{"start":{"line":82,"column":8},"end":{"line":82,"column":9}},"loc":{"start":{"line":82,"column":24},"end":{"line":82,"column":55}},"line":82},"8":{"name":"(anonymous_8)","decl":{"start":{"line":116,"column":22},"end":{"line":116,"column":23}},"loc":{"start":{"line":116,"column":33},"end":{"line":118,"column":13}},"line":116},"9":{"name":"(anonymous_9)","decl":{"start":{"line":133,"column":22},"end":{"line":133,"column":23}},"loc":{"start":{"line":133,"column":29},"end":{"line":135,"column":13}},"line":133},"10":{"name":"(anonymous_10)","decl":{"start":{"line":147,"column":28},"end":{"line":147,"column":29}},"loc":{"start":{"line":148,"column":12},"end":{"line":158,"column":19}},"line":148}},"branchMap":{"0":{"loc":{"start":{"line":30,"column":6},"end":{"line":32,"column":7}},"type":"if","locations":[{"start":{"line":30,"column":6},"end":{"line":32,"column":7}},{"start":{},"end":{}}],"line":30},"1":{"loc":{"start":{"line":40,"column":6},"end":{"line":42,"column":7}},"type":"if","locations":[{"start":{"line":40,"column":6},"end":{"line":42,"column":7}},{"start":{},"end":{}}],"line":40},"2":{"loc":{"start":{"line":49,"column":53},"end":{"line":49,"column":75}},"type":"binary-expr","locations":[{"start":{"line":49,"column":53},"end":{"line":49,"column":66}},{"start":{"line":49,"column":70},"end":{"line":49,"column":75}}],"line":49},"3":{"loc":{"start":{"line":60,"column":4},"end":{"line":65,"column":5}},"type":"if","locations":[{"start":{"line":60,"column":4},"end":{"line":65,"column":5}},{"start":{"line":62,"column":11},"end":{"line":65,"column":5}}],"line":60},"4":{"loc":{"start":{"line":70,"column":4},"end":{"line":75,"column":5}},"type":"if","locations":[{"start":{"line":70,"column":4},"end":{"line":75,"column":5}},{"start":{},"end":{}}],"line":70},"5":{"loc":{"start":{"line":80,"column":4},"end":{"line":91,"column":5}},"type":"if","locations":[{"start":{"line":80,"column":4},"end":{"line":91,"column":5}},{"start":{"line":87,"column":11},"end":{"line":91,"column":5}}],"line":80},"6":{"loc":{"start":{"line":95,"column":2},"end":{"line":101,"column":6}},"type":"if","locations":[{"start":{"line":95,"column":2},"end":{"line":101,"column":6}},{"start":{},"end":{}}],"line":95},"7":{"loc":{"start":{"line":104,"column":9},"end":{"line":163,"column":3}},"type":"cond-expr","locations":[{"start":{"line":105,"column":4},"end":{"line":105,"column":15}},{"start":{"line":107,"column":4},"end":{"line":162,"column":10}}],"line":104},"8":{"loc":{"start":{"line":139,"column":11},"end":{"line":139,"column":73}},"type":"cond-expr","locations":[{"start":{"line":139,"column":30},"end":{"line":139,"column":53}},{"start":{"line":139,"column":56},"end":{"line":139,"column":73}}],"line":139},"9":{"loc":{"start":{"line":144,"column":9},"end":{"line":160,"column":9}},"type":"cond-expr","locations":[{"start":{"line":145,"column":10},"end":{"line":145,"column":34}},{"start":{"line":147,"column":10},"end":{"line":159,"column":12}}],"line":144},"10":{"loc":{"start":{"line":153,"column":15},"end":{"line":157,"column":15}},"type":"cond-expr","locations":[{"start":{"line":154,"column":16},"end":{"line":154,"column":55}},{"start":{"line":156,"column":16},"end":{"line":156,"column":48}}],"line":153}},"s":{"0":1,"1":7,"2":7,"3":7,"4":7,"5":7,"6":7,"7":7,"8":7,"9":7,"10":2,"11":7,"12":2,"13":2,"14":2,"15":0,"16":2,"17":2,"18":2,"19":0,"20":2,"21":2,"22":0,"23":0,"24":7,"25":100,"26":7,"27":1,"28":1,"29":0,"30":1,"31":1,"32":7,"33":0,"34":0,"35":0,"36":0,"37":0,"38":0,"39":7,"40":1,"41":1,"42":1,"43":20,"44":1,"45":1,"46":1,"47":0,"48":0,"49":0,"50":7,"51":0,"52":7,"53":1,"54":0,"55":66},"f":{"0":7,"1":2,"2":2,"3":100,"4":1,"5":0,"6":1,"7":20,"8":1,"9":0,"10":66},"b":{"0":[0,2],"1":[0,2],"2":[0,0],"3":[0,1],"4":[0,0],"5":[1,0],"6":[0,7],"7":[2,5],"8":[4,1],"9":[0,5],"10":[16,50]},"_coverageSchema":"1a1c01bbd47fc00a2c39e90264f33305004495a9","hash":"cdabd3d2abceba6372854c202694377bf279110c"}
,"E:\\NamasteReact\\BiteBuddy\\src\\components\\Cart.js": {"path":"E:\\NamasteReact\\BiteBuddy\\src\\components\\Cart.js","statementMap":{"0":{"start":{"line":6,"column":13},"end":{"line":45,"column":1}},"1":{"start":{"line":7,"column":20},"end":{"line":7,"column":60}},"2":{"start":{"line":7,"column":43},"end":{"line":7,"column":59}},"3":{"start":{"line":10,"column":19},"end":{"line":10,"column":32}},"4":{"start":{"line":11,"column":26},"end":{"line":13,"column":3}},"5":{"start":{"line":12,"column":4},"end":{"line":12,"column":26}},"6":{"start":{"line":15,"column":21},"end":{"line":17,"column":3}},"7":{"start":{"line":16,"column":4},"end":{"line":16,"column":46}},"8":{"start":{"line":19,"column":18},"end":{"line":19,"column":48}},"9":{"start":{"line":22,"column":2},"end":{"line":44,"column":4}}},"fnMap":{"0":{"name":"(anonymous_0)","decl":{"start":{"line":6,"column":13},"end":{"line":6,"column":14}},"loc":{"start":{"line":6,"column":19},"end":{"line":45,"column":1}},"line":6},"1":{"name":"(anonymous_1)","decl":{"start":{"line":7,"column":32},"end":{"line":7,"column":33}},"loc":{"start":{"line":7,"column":43},"end":{"line":7,"column":59}},"line":7},"2":{"name":"(anonymous_2)","decl":{"start":{"line":11,"column":26},"end":{"line":11,"column":27}},"loc":{"start":{"line":11,"column":32},"end":{"line":13,"column":3}},"line":11},"3":{"name":"(anonymous_3)","decl":{"start":{"line":15,"column":21},"end":{"line":15,"column":22}},"loc":{"start":{"line":15,"column":27},"end":{"line":17,"column":3}},"line":15}},"branchMap":{"0":{"loc":{"start":{"line":26,"column":9},"end":{"line":35,"column":9}},"type":"binary-expr","locations":[{"start":{"line":26,"column":9},"end":{"line":26,"column":29}},{"start":{"line":27,"column":10},"end":{"line":34,"column":16}}],"line":26},"1":{"loc":{"start":{"line":37,"column":7},"end":{"line":39,"column":7}},"type":"binary-expr","locations":[{"start":{"line":37,"column":7},"end":{"line":37,"column":29}},{"start":{"line":38,"column":8},"end":{"line":38,"column":71}}],"line":37}},"s":{"0":1,"1":6,"2":12,"3":6,"4":6,"5":1,"6":6,"7":1,"8":6,"9":6},"f":{"0":6,"1":12,"2":1,"3":1},"b":{"0":[6,4],"1":[6,2]},"_coverageSchema":"1a1c01bbd47fc00a2c39e90264f33305004495a9","hash":"764035ae354ef661b45a741feb7e05d4b64ca149"}
,"E:\\NamasteReact\\BiteBuddy\\src\\components\\Contact.js": {"path":"E:\\NamasteReact\\BiteBuddy\\src\\components\\Contact.js","statementMap":{"0":{"start":{"line":1,"column":16},"end":{"line":28,"column":1}},"1":{"start":{"line":2,"column":2},"end":{"line":27,"column":4}}},"fnMap":{"0":{"name":"(anonymous_0)","decl":{"start":{"line":1,"column":16},"end":{"line":1,"column":17}},"loc":{"start":{"line":1,"column":22},"end":{"line":28,"column":1}},"line":1}},"branchMap":{},"s":{"0":1,"1":4},"f":{"0":4},"b":{},"_coverageSchema":"1a1c01bbd47fc00a2c39e90264f33305004495a9","hash":"a04b0dd24b5dedfc24b37e9041341da36a777113"}
,"E:\\NamasteReact\\BiteBuddy\\src\\components\\Header.js": {"path":"E:\\NamasteReact\\BiteBuddy\\src\\components\\Header.js","statementMap":{"0":{"start":{"line":8,"column":15},"end":{"line":59,"column":1}},"1":{"start":{"line":9,"column":32},"end":{"line":9,"column":49}},"2":{"start":{"line":10,"column":23},"end":{"line":10,"column":40}},"3":{"start":{"line":11,"column":27},"end":{"line":11,"column":50}},"4":{"start":{"line":14,"column":20},"end":{"line":14,"column":60}},"5":{"start":{"line":14,"column":43},"end":{"line":14,"column":59}},"6":{"start":{"line":21,"column":2},"end":{"line":58,"column":4}},"7":{"start":{"line":48,"column":16},"end":{"line":48,"column":80}}},"fnMap":{"0":{"name":"(anonymous_0)","decl":{"start":{"line":8,"column":15},"end":{"line":8,"column":16}},"loc":{"start":{"line":8,"column":21},"end":{"line":59,"column":1}},"line":8},"1":{"name":"(anonymous_1)","decl":{"start":{"line":14,"column":32},"end":{"line":14,"column":33}},"loc":{"start":{"line":14,"column":43},"end":{"line":14,"column":59}},"line":14},"2":{"name":"(anonymous_2)","decl":{"start":{"line":47,"column":23},"end":{"line":47,"column":24}},"loc":{"start":{"line":48,"column":16},"end":{"line":48,"column":80}},"line":48}},"branchMap":{"0":{"loc":{"start":{"line":28,"column":30},"end":{"line":28,"column":56}},"type":"cond-expr","locations":[{"start":{"line":28,"column":45},"end":{"line":28,"column":49}},{"start":{"line":28,"column":52},"end":{"line":28,"column":56}}],"line":28},"1":{"loc":{"start":{"line":48,"column":16},"end":{"line":48,"column":80}},"type":"cond-expr","locations":[{"start":{"line":48,"column":38},"end":{"line":48,"column":58}},{"start":{"line":48,"column":61},"end":{"line":48,"column":80}}],"line":48}},"s":{"0":2,"1":7,"2":7,"3":7,"4":7,"5":13,"6":7,"7":1},"f":{"0":7,"1":13,"2":1},"b":{"0":[7,0],"1":[1,0]},"_coverageSchema":"1a1c01bbd47fc00a2c39e90264f33305004495a9","hash":"a95f2b9b07e009e4d44e66d7f7d4e158a16e66ca"}
,"E:\\NamasteReact\\BiteBuddy\\src\\components\\MenuCategory.js": {"path":"E:\\NamasteReact\\BiteBuddy\\src\\components\\MenuCategory.js","statementMap":{"0":{"start":{"line":3,"column":21},"end":{"line":22,"column":1}},"1":{"start":{"line":6,"column":22},"end":{"line":9,"column":3}},"2":{"start":{"line":7,"column":4},"end":{"line":7,"column":16}},"3":{"start":{"line":8,"column":4},"end":{"line":8,"column":37}},"4":{"start":{"line":11,"column":2},"end":{"line":21,"column":4}}},"fnMap":{"0":{"name":"(anonymous_0)","decl":{"start":{"line":3,"column":21},"end":{"line":3,"column":22}},"loc":{"start":{"line":3,"column":61},"end":{"line":22,"column":1}},"line":3},"1":{"name":"(anonymous_1)","decl":{"start":{"line":6,"column":22},"end":{"line":6,"column":23}},"loc":{"start":{"line":6,"column":28},"end":{"line":9,"column":3}},"line":6}},"branchMap":{"0":{"loc":{"start":{"line":17,"column":15},"end":{"line":17,"column":37}},"type":"cond-expr","locations":[{"start":{"line":17,"column":27},"end":{"line":17,"column":31}},{"start":{"line":17,"column":34},"end":{"line":17,"column":37}}],"line":17},"1":{"loc":{"start":{"line":19,"column":7},"end":{"line":19,"column":64}},"type":"binary-expr","locations":[{"start":{"line":19,"column":7},"end":{"line":19,"column":16}},{"start":{"line":19,"column":20},"end":{"line":19,"column":64}}],"line":19}},"s":{"0":1,"1":1,"2":0,"3":0,"4":1},"f":{"0":1,"1":0},"b":{"0":[1,0],"1":[1,1]},"_coverageSchema":"1a1c01bbd47fc00a2c39e90264f33305004495a9","hash":"3339cf45480ebcc5764f59bb9245dd7fbcd41f0a"}
,"E:\\NamasteReact\\BiteBuddy\\src\\components\\MenuItem.js": {"path":"E:\\NamasteReact\\BiteBuddy\\src\\components\\MenuItem.js","statementMap":{"0":{"start":{"line":5,"column":17},"end":{"line":89,"column":1}},"1":{"start":{"line":6,"column":19},"end":{"line":6,"column":32}},"2":{"start":{"line":9,"column":20},"end":{"line":9,"column":60}},"3":{"start":{"line":9,"column":43},"end":{"line":9,"column":59}},"4":{"start":{"line":11,"column":24},"end":{"line":13,"column":3}},"5":{"start":{"line":12,"column":4},"end":{"line":12,"column":28}},"6":{"start":{"line":15,"column":27},"end":{"line":17,"column":3}},"7":{"start":{"line":16,"column":4},"end":{"line":16,"column":29}},"8":{"start":{"line":19,"column":26},"end":{"line":25,"column":3}},"9":{"start":{"line":21,"column":21},"end":{"line":23,"column":5}},"10":{"start":{"line":22,"column":20},"end":{"line":22,"column":51}},"11":{"start":{"line":24,"column":4},"end":{"line":24,"column":27}},"12":{"start":{"line":27,"column":2},"end":{"line":88,"column":4}},"13":{"start":{"line":30,"column":24},"end":{"line":30,"column":49}},"14":{"start":{"line":31,"column":33},"end":{"line":31,"column":62}},"15":{"start":{"line":32,"column":25},"end":{"line":32,"column":64}},"16":{"start":{"line":34,"column":19},"end":{"line":34,"column":39}},"17":{"start":{"line":35,"column":29},"end":{"line":35,"column":48}},"18":{"start":{"line":37,"column":8},"end":{"line":85,"column":10}},"19":{"start":{"line":71,"column":33},"end":{"line":71,"column":53}},"20":{"start":{"line":78,"column":33},"end":{"line":78,"column":52}}},"fnMap":{"0":{"name":"(anonymous_0)","decl":{"start":{"line":5,"column":17},"end":{"line":5,"column":18}},"loc":{"start":{"line":5,"column":36},"end":{"line":89,"column":1}},"line":5},"1":{"name":"(anonymous_1)","decl":{"start":{"line":9,"column":32},"end":{"line":9,"column":33}},"loc":{"start":{"line":9,"column":43},"end":{"line":9,"column":59}},"line":9},"2":{"name":"(anonymous_2)","decl":{"start":{"line":11,"column":24},"end":{"line":11,"column":25}},"loc":{"start":{"line":11,"column":34},"end":{"line":13,"column":3}},"line":11},"3":{"name":"(anonymous_3)","decl":{"start":{"line":15,"column":27},"end":{"line":15,"column":28}},"loc":{"start":{"line":15,"column":35},"end":{"line":17,"column":3}},"line":15},"4":{"name":"(anonymous_4)","decl":{"start":{"line":19,"column":26},"end":{"line":19,"column":27}},"loc":{"start":{"line":19,"column":34},"end":{"line":25,"column":3}},"line":19},"5":{"name":"(anonymous_5)","decl":{"start":{"line":22,"column":6},"end":{"line":22,"column":7}},"loc":{"start":{"line":22,"column":20},"end":{"line":22,"column":51}},"line":22},"6":{"name":"(anonymous_6)","decl":{"start":{"line":29,"column":21},"end":{"line":29,"column":22}},"loc":{"start":{"line":29,"column":31},"end":{"line":86,"column":7}},"line":29},"7":{"name":"(anonymous_7)","decl":{"start":{"line":71,"column":27},"end":{"line":71,"column":28}},"loc":{"start":{"line":71,"column":33},"end":{"line":71,"column":53}},"line":71},"8":{"name":"(anonymous_8)","decl":{"start":{"line":78,"column":27},"end":{"line":78,"column":28}},"loc":{"start":{"line":78,"column":33},"end":{"line":78,"column":52}},"line":78}},"branchMap":{"0":{"loc":{"start":{"line":32,"column":25},"end":{"line":32,"column":64}},"type":"cond-expr","locations":[{"start":{"line":32,"column":35},"end":{"line":32,"column":57}},{"start":{"line":32,"column":60},"end":{"line":32,"column":64}}],"line":32},"1":{"loc":{"start":{"line":43,"column":17},"end":{"line":44,"column":54}},"type":"binary-expr","locations":[{"start":{"line":43,"column":17},"end":{"line":43,"column":46}},{"start":{"line":44,"column":18},"end":{"line":44,"column":54}}],"line":43},"2":{"loc":{"start":{"line":52,"column":28},"end":{"line":52,"column":54}},"type":"cond-expr","locations":[{"start":{"line":52,"column":38},"end":{"line":52,"column":43}},{"start":{"line":52,"column":46},"end":{"line":52,"column":54}}],"line":52},"3":{"loc":{"start":{"line":58,"column":34},"end":{"line":58,"column":60}},"type":"cond-expr","locations":[{"start":{"line":58,"column":44},"end":{"line":58,"column":51}},{"start":{"line":58,"column":54},"end":{"line":58,"column":60}}],"line":58},"4":{"loc":{"start":{"line":66,"column":28},"end":{"line":66,"column":61}},"type":"cond-expr","locations":[{"start":{"line":66,"column":38},"end":{"line":66,"column":48}},{"start":{"line":66,"column":51},"end":{"line":66,"column":61}}],"line":66},"5":{"loc":{"start":{"line":75,"column":20},"end":{"line":75,"column":37}},"type":"binary-expr","locations":[{"start":{"line":75,"column":20},"end":{"line":75,"column":32}},{"start":{"line":75,"column":36},"end":{"line":75,"column":37}}],"line":75}},"s":{"0":1,"1":9,"2":9,"3":18,"4":9,"5":2,"6":9,"7":0,"8":9,"9":67,"10":73,"11":67,"12":9,"13":67,"14":67,"15":67,"16":67,"17":67,"18":67,"19":0,"20":2},"f":{"0":9,"1":18,"2":2,"3":0,"4":67,"5":73,"6":67,"7":0,"8":2},"b":{"0":[67,0],"1":[67,0],"2":[67,0],"3":[67,0],"4":[67,0],"5":[67,57]},"_coverageSchema":"1a1c01bbd47fc00a2c39e90264f33305004495a9","hash":"806d97993f206d43e3374c6f059aa0f26e2ad47d"}
,"E:\\NamasteReact\\BiteBuddy\\src\\components\\ResCard.js": {"path":"E:\\NamasteReact\\BiteBuddy\\src\\components\\ResCard.js","statementMap":{"0":{"start":{"line":5,"column":16},"end":{"line":31,"column":1}},"1":{"start":{"line":6,"column":22},"end":{"line":6,"column":27}},"2":{"start":{"line":7,"column":59},"end":{"line":7,"column":72}},"3":{"start":{"line":12,"column":2},"end":{"line":27,"column":4}},"4":{"start":{"line":35,"column":25},"end":{"line":44,"column":1}},"5":{"start":{"line":36,"column":2},"end":{"line":43,"column":4}},"6":{"start":{"line":37,"column":4},"end":{"line":42,"column":6}}},"fnMap":{"0":{"name":"(anonymous_0)","decl":{"start":{"line":5,"column":16},"end":{"line":5,"column":17}},"loc":{"start":{"line":5,"column":27},"end":{"line":31,"column":1}},"line":5},"1":{"name":"(anonymous_1)","decl":{"start":{"line":35,"column":25},"end":{"line":35,"column":26}},"loc":{"start":{"line":35,"column":38},"end":{"line":44,"column":1}},"line":35},"2":{"name":"(anonymous_2)","decl":{"start":{"line":36,"column":9},"end":{"line":36,"column":10}},"loc":{"start":{"line":36,"column":20},"end":{"line":43,"column":3}},"line":36}},"branchMap":{},"s":{"0":2,"1":68,"2":68,"3":68,"4":2,"5":8,"6":17},"f":{"0":68,"1":8,"2":17},"b":{},"_coverageSchema":"1a1c01bbd47fc00a2c39e90264f33305004495a9","hash":"d02c2d1eca47388d95e10074bb0962e9653f452a"}
,"E:\\NamasteReact\\BiteBuddy\\src\\components\\ResMenu.js": {"path":"E:\\NamasteReact\\BiteBuddy\\src\\components\\ResMenu.js","statementMap":{"0":{"start":{"line":7,"column":16},"end":{"line":54,"column":1}},"1":{"start":{"line":8,"column":20},"end":{"line":8,"column":31}},"2":{"start":{"line":9,"column":18},"end":{"line":9,"column":42}},"3":{"start":{"line":11,"column":36},"end":{"line":11,"column":47}},"4":{"start":{"line":13,"column":2},"end":{"line":13,"column":43}},"5":{"start":{"line":13,"column":24},"end":{"line":13,"column":43}},"6":{"start":{"line":16,"column":4},"end":{"line":16,"column":45}},"7":{"start":{"line":25,"column":4},"end":{"line":29,"column":5}},"8":{"start":{"line":27,"column":8},"end":{"line":28,"column":70}},"9":{"start":{"line":32,"column":23},"end":{"line":34,"column":3}},"10":{"start":{"line":33,"column":4},"end":{"line":33,"column":53}},"11":{"start":{"line":36,"column":2},"end":{"line":53,"column":4}},"12":{"start":{"line":45,"column":8},"end":{"line":50,"column":10}},"13":{"start":{"line":49,"column":27},"end":{"line":49,"column":46}}},"fnMap":{"0":{"name":"(anonymous_0)","decl":{"start":{"line":7,"column":16},"end":{"line":7,"column":17}},"loc":{"start":{"line":7,"column":22},"end":{"line":54,"column":1}},"line":7},"1":{"name":"(anonymous_1)","decl":{"start":{"line":26,"column":6},"end":{"line":26,"column":7}},"loc":{"start":{"line":27,"column":8},"end":{"line":28,"column":70}},"line":27},"2":{"name":"(anonymous_2)","decl":{"start":{"line":32,"column":23},"end":{"line":32,"column":24}},"loc":{"start":{"line":32,"column":34},"end":{"line":34,"column":3}},"line":32},"3":{"name":"(anonymous_3)","decl":{"start":{"line":44,"column":22},"end":{"line":44,"column":23}},"loc":{"start":{"line":45,"column":8},"end":{"line":50,"column":10}},"line":45},"4":{"name":"(anonymous_4)","decl":{"start":{"line":49,"column":21},"end":{"line":49,"column":22}},"loc":{"start":{"line":49,"column":27},"end":{"line":49,"column":46}},"line":49}},"branchMap":{"0":{"loc":{"start":{"line":13,"column":2},"end":{"line":13,"column":43}},"type":"if","locations":[{"start":{"line":13,"column":2},"end":{"line":13,"column":43}},{"start":{},"end":{}}],"line":13},"1":{"loc":{"start":{"line":16,"column":4},"end":{"line":16,"column":45}},"type":"binary-expr","locations":[{"start":{"line":16,"column":4},"end":{"line":16,"column":39}},{"start":{"line":16,"column":43},"end":{"line":16,"column":45}}],"line":16},"2":{"loc":{"start":{"line":33,"column":17},"end":{"line":33,"column":51}},"type":"cond-expr","locations":[{"start":{"line":33,"column":39},"end":{"line":33,"column":43}},{"start":{"line":33,"column":46},"end":{"line":33,"column":51}}],"line":33},"3":{"loc":{"start":{"line":48,"column":21},"end":{"line":48,"column":55}},"type":"cond-expr","locations":[{"start":{"line":48,"column":43},"end":{"line":48,"column":47}},{"start":{"line":48,"column":50},"end":{"line":48,"column":55}}],"line":48}},"s":{"0":1,"1":2,"2":2,"3":2,"4":2,"5":1,"6":1,"7":1,"8":13,"9":1,"10":0,"11":1,"12":1,"13":0},"f":{"0":2,"1":13,"2":0,"3":1,"4":0},"b":{"0":[1,1],"1":[1,0],"2":[0,0],"3":[1,0]},"_coverageSchema":"1a1c01bbd47fc00a2c39e90264f33305004495a9","hash":"cc8944dacb5eb2ca4634f9cf43067450b23f9d55"}
,"E:\\NamasteReact\\BiteBuddy\\src\\components\\Shimmer.js": {"path":"E:\\NamasteReact\\BiteBuddy\\src\\components\\Shimmer.js","statementMap":{"0":{"start":{"line":1,"column":16},"end":{"line":14,"column":1}},"1":{"start":{"line":2,"column":2},"end":{"line":13,"column":4}}},"fnMap":{"0":{"name":"(anonymous_0)","decl":{"start":{"line":1,"column":16},"end":{"line":1,"column":17}},"loc":{"start":{"line":1,"column":22},"end":{"line":14,"column":1}},"line":1}},"branchMap":{},"s":{"0":2,"1":3},"f":{"0":3},"b":{},"_coverageSchema":"1a1c01bbd47fc00a2c39e90264f33305004495a9","hash":"9c1849e3bbe54c342b2c3b04f0858a1bf46f0bc1"}
,"E:\\NamasteReact\\BiteBuddy\\src\\components\\sum.js": {"path":"E:\\NamasteReact\\BiteBuddy\\src\\components\\sum.js","statementMap":{"0":{"start":{"line":1,"column":12},"end":{"line":6,"column":1}},"1":{"start":{"line":2,"column":14},"end":{"line":2,"column":19}},"2":{"start":{"line":5,"column":2},"end":{"line":5,"column":13}}},"fnMap":{"0":{"name":"(anonymous_0)","decl":{"start":{"line":1,"column":12},"end":{"line":1,"column":13}},"loc":{"start":{"line":1,"column":22},"end":{"line":6,"column":1}},"line":1}},"branchMap":{},"s":{"0":1,"1":1,"2":1},"f":{"0":1},"b":{},"_coverageSchema":"1a1c01bbd47fc00a2c39e90264f33305004495a9","hash":"89257b91703eb894f3cd159f21b892715e6d43bc"}
,"E:\\NamasteReact\\BiteBuddy\\src\\utils\\UserContext.js": {"path":"E:\\NamasteReact\\BiteBuddy\\src\\utils\\UserContext.js","statementMap":{"0":{"start":{"line":3,"column":20},"end":{"line":5,"column":2}}},"fnMap":{},"branchMap":{},"s":{"0":3},"f":{},"b":{},"_coverageSchema":"1a1c01bbd47fc00a2c39e90264f33305004495a9","hash":"fa90098c0b42e1193a184d360e7f594e59ffae45"}
,"E:\\NamasteReact\\BiteBuddy\\src\\utils\\appStore.js": {"path":"E:\\NamasteReact\\BiteBuddy\\src\\utils\\appStore.js","statementMap":{"0":{"start":{"line":4,"column":17},"end":{"line":8,"column":2}}},"fnMap":{},"branchMap":{},"s":{"0":2},"f":{},"b":{},"_coverageSchema":"1a1c01bbd47fc00a2c39e90264f33305004495a9","hash":"73e25c7c7bb2624326b534797f9d05ee28a2ebe7"}
,"E:\\NamasteReact\\BiteBuddy\\src\\utils\\cartSlice.js": {"path":"E:\\NamasteReact\\BiteBuddy\\src\\utils\\cartSlice.js","statementMap":{"0":{"start":{"line":3,"column":18},"end":{"line":29,"column":2}},"1":{"start":{"line":11,"column":6},"end":{"line":11,"column":39}},"2":{"start":{"line":21,"column":6},"end":{"line":21,"column":24}},"3":{"start":{"line":26,"column":6},"end":{"line":26,"column":27}},"4":{"start":{"line":31,"column":50},"end":{"line":31,"column":67}}},"fnMap":{"0":{"name":"(anonymous_0)","decl":{"start":{"line":9,"column":13},"end":{"line":9,"column":14}},"loc":{"start":{"line":9,"column":32},"end":{"line":12,"column":5}},"line":9},"1":{"name":"(anonymous_1)","decl":{"start":{"line":13,"column":16},"end":{"line":13,"column":17}},"loc":{"start":{"line":13,"column":35},"end":{"line":22,"column":5}},"line":13},"2":{"name":"(anonymous_2)","decl":{"start":{"line":23,"column":15},"end":{"line":23,"column":16}},"loc":{"start":{"line":23,"column":26},"end":{"line":27,"column":5}},"line":23}},"branchMap":{},"s":{"0":2,"1":2,"2":0,"3":1,"4":2},"f":{"0":2,"1":0,"2":1},"b":{},"_coverageSchema":"1a1c01bbd47fc00a2c39e90264f33305004495a9","hash":"7ffc9b4bd752000be18b0ec81a311147619bc255"}
,"E:\\NamasteReact\\BiteBuddy\\src\\utils\\constants.js": {"path":"E:\\NamasteReact\\BiteBuddy\\src\\utils\\constants.js","statementMap":{"0":{"start":{"line":2,"column":2},"end":{"line":2,"column":145}},"1":{"start":{"line":5,"column":2},"end":{"line":5,"column":85}},"2":{"start":{"line":8,"column":2},"end":{"line":8,"column":139}}},"fnMap":{},"branchMap":{},"s":{"0":4,"1":4,"2":4},"f":{},"b":{},"_coverageSchema":"1a1c01bbd47fc00a2c39e90264f33305004495a9","hash":"be459bfe190e51c2a046363cf95bdf46dbb2b00f"}
,"E:\\NamasteReact\\BiteBuddy\\src\\utils\\useOnlineStatus.js": {"path":"E:\\NamasteReact\\BiteBuddy\\src\\utils\\useOnlineStatus.js","statementMap":{"0":{"start":{"line":3,"column":24},"end":{"line":16,"column":1}},"1":{"start":{"line":4,"column":42},"end":{"line":4,"column":56}},"2":{"start":{"line":6,"column":2},"end":{"line":13,"column":9}},"3":{"start":{"line":7,"column":4},"end":{"line":9,"column":7}},"4":{"start":{"line":8,"column":6},"end":{"line":8,"column":29}},"5":{"start":{"line":10,"column":4},"end":{"line":12,"column":7}},"6":{"start":{"line":11,"column":6},"end":{"line":11,"column":28}},"7":{"start":{"line":15,"column":2},"end":{"line":15,"column":22}}},"fnMap":{"0":{"name":"(anonymous_0)","decl":{"start":{"line":3,"column":24},"end":{"line":3,"column":25}},"loc":{"start":{"line":3,"column":30},"end":{"line":16,"column":1}},"line":3},"1":{"name":"(anonymous_1)","decl":{"start":{"line":6,"column":12},"end":{"line":6,"column":13}},"loc":{"start":{"line":6,"column":18},"end":{"line":13,"column":3}},"line":6},"2":{"name":"(anonymous_2)","decl":{"start":{"line":7,"column":39},"end":{"line":7,"column":40}},"loc":{"start":{"line":7,"column":50},"end":{"line":9,"column":5}},"line":7},"3":{"name":"(anonymous_3)","decl":{"start":{"line":10,"column":38},"end":{"line":10,"column":39}},"loc":{"start":{"line":10,"column":49},"end":{"line":12,"column":5}},"line":10}},"branchMap":{},"s":{"0":3,"1":14,"2":14,"3":6,"4":0,"5":6,"6":0,"7":14},"f":{"0":14,"1":6,"2":0,"3":0},"b":{},"_coverageSchema":"1a1c01bbd47fc00a2c39e90264f33305004495a9","hash":"7ba5deb2a91fae6db1e0076d90982599cb2adc92"}
,"E:\\NamasteReact\\BiteBuddy\\src\\utils\\useRestaurantMenu.js": {"path":"E:\\NamasteReact\\BiteBuddy\\src\\utils\\useRestaurantMenu.js","statementMap":{"0":{"start":{"line":4,"column":26},"end":{"line":19,"column":1}},"1":{"start":{"line":5,"column":32},"end":{"line":5,"column":46}},"2":{"start":{"line":7,"column":2},"end":{"line":9,"column":9}},"3":{"start":{"line":8,"column":4},"end":{"line":8,"column":16}},"4":{"start":{"line":11,"column":20},"end":{"line":16,"column":3}},"5":{"start":{"line":12,"column":17},"end":{"line":12,"column":45}},"6":{"start":{"line":13,"column":17},"end":{"line":13,"column":34}},"7":{"start":{"line":15,"column":4},"end":{"line":15,"column":26}},"8":{"start":{"line":18,"column":2},"end":{"line":18,"column":17}}},"fnMap":{"0":{"name":"(anonymous_0)","decl":{"start":{"line":4,"column":26},"end":{"line":4,"column":27}},"loc":{"start":{"line":4,"column":37},"end":{"line":19,"column":1}},"line":4},"1":{"name":"(anonymous_1)","decl":{"start":{"line":7,"column":12},"end":{"line":7,"column":13}},"loc":{"start":{"line":7,"column":18},"end":{"line":9,"column":3}},"line":7},"2":{"name":"(anonymous_2)","decl":{"start":{"line":11,"column":20},"end":{"line":11,"column":21}},"loc":{"start":{"line":11,"column":32},"end":{"line":16,"column":3}},"line":11}},"branchMap":{},"s":{"0":1,"1":2,"2":2,"3":1,"4":2,"5":1,"6":1,"7":1,"8":2},"f":{"0":2,"1":1,"2":1},"b":{},"_coverageSchema":"1a1c01bbd47fc00a2c39e90264f33305004495a9","hash":"251f420eb23f4b403913308a27469223b2e23631"}
}
