TN:
SF:src\components\Body.js
FN:10,(anonymous_0)
FN:20,(anonymous_1)
FN:24,(anonymous_2)
FN:54,(anonymous_3)
FN:58,(anonymous_4)
FN:68,(anonymous_5)
FN:78,(anonymous_6)
FN:82,(anonymous_7)
FN:116,(anonymous_8)
FN:133,(anonymous_9)
FN:147,(anonymous_10)
FNF:11
FNH:9
FNDA:7,(anonymous_0)
FNDA:2,(anonymous_1)
FNDA:2,(anonymous_2)
FNDA:100,(anonymous_3)
FNDA:1,(anonymous_4)
FNDA:0,(anonymous_5)
FNDA:1,(anonymous_6)
FNDA:20,(anonymous_7)
FNDA:1,(anonymous_8)
FNDA:0,(anonymous_9)
FNDA:66,(anonymous_10)
DA:10,1
DA:11,7
DA:12,7
DA:13,7
DA:14,7
DA:15,7
DA:16,7
DA:17,7
DA:18,7
DA:20,7
DA:21,2
DA:24,7
DA:25,2
DA:26,2
DA:30,2
DA:31,0
DA:33,2
DA:37,2
DA:40,2
DA:41,0
DA:44,2
DA:45,2
DA:49,0
DA:50,0
DA:54,7
DA:55,100
DA:58,7
DA:59,1
DA:60,1
DA:61,0
DA:63,1
DA:64,1
DA:68,7
DA:69,0
DA:70,0
DA:71,0
DA:72,0
DA:73,0
DA:74,0
DA:78,7
DA:79,1
DA:80,1
DA:81,1
DA:82,20
DA:84,1
DA:85,1
DA:86,1
DA:88,0
DA:89,0
DA:90,0
DA:95,7
DA:96,0
DA:104,7
DA:117,1
DA:134,0
DA:148,66
LF:56
LH:40
BRDA:30,0,0,0
BRDA:30,0,1,2
BRDA:40,1,0,0
BRDA:40,1,1,2
BRDA:49,2,0,0
BRDA:49,2,1,0
BRDA:60,3,0,0
BRDA:60,3,1,1
BRDA:70,4,0,0
BRDA:70,4,1,0
BRDA:80,5,0,1
BRDA:80,5,1,0
BRDA:95,6,0,0
BRDA:95,6,1,7
BRDA:104,7,0,2
BRDA:104,7,1,5
BRDA:139,8,0,4
BRDA:139,8,1,1
BRDA:144,9,0,0
BRDA:144,9,1,5
BRDA:153,10,0,16
BRDA:153,10,1,50
BRF:22
BRH:12
end_of_record
TN:
SF:src\components\Cart.js
FN:6,(anonymous_0)
FN:7,(anonymous_1)
FN:11,(anonymous_2)
FN:15,(anonymous_3)
FNF:4
FNH:4
FNDA:6,(anonymous_0)
FNDA:12,(anonymous_1)
FNDA:1,(anonymous_2)
FNDA:1,(anonymous_3)
DA:6,1
DA:7,12
DA:10,6
DA:11,6
DA:12,1
DA:15,6
DA:16,1
DA:19,6
DA:22,6
LF:9
LH:9
BRDA:26,0,0,6
BRDA:26,0,1,4
BRDA:37,1,0,6
BRDA:37,1,1,2
BRF:4
BRH:4
end_of_record
TN:
SF:src\components\Contact.js
FN:1,(anonymous_0)
FNF:1
FNH:1
FNDA:4,(anonymous_0)
DA:1,1
DA:2,4
LF:2
LH:2
BRF:0
BRH:0
end_of_record
TN:
SF:src\components\Header.js
FN:8,(anonymous_0)
FN:14,(anonymous_1)
FN:47,(anonymous_2)
FNF:3
FNH:3
FNDA:7,(anonymous_0)
FNDA:13,(anonymous_1)
FNDA:1,(anonymous_2)
DA:8,2
DA:9,7
DA:10,7
DA:11,7
DA:14,13
DA:21,7
DA:48,1
LF:7
LH:7
BRDA:28,0,0,7
BRDA:28,0,1,0
BRDA:48,1,0,1
BRDA:48,1,1,0
BRF:4
BRH:2
end_of_record
TN:
SF:src\components\MenuCategory.js
FN:3,(anonymous_0)
FN:6,(anonymous_1)
FNF:2
FNH:1
FNDA:1,(anonymous_0)
FNDA:0,(anonymous_1)
DA:3,1
DA:6,1
DA:7,0
DA:8,0
DA:11,1
LF:5
LH:3
BRDA:17,0,0,1
BRDA:17,0,1,0
BRDA:19,1,0,1
BRDA:19,1,1,1
BRF:4
BRH:3
end_of_record
TN:
SF:src\components\MenuItem.js
FN:5,(anonymous_0)
FN:9,(anonymous_1)
FN:11,(anonymous_2)
FN:15,(anonymous_3)
FN:19,(anonymous_4)
FN:22,(anonymous_5)
FN:29,(anonymous_6)
FN:71,(anonymous_7)
FN:78,(anonymous_8)
FNF:9
FNH:7
FNDA:9,(anonymous_0)
FNDA:18,(anonymous_1)
FNDA:2,(anonymous_2)
FNDA:0,(anonymous_3)
FNDA:67,(anonymous_4)
FNDA:73,(anonymous_5)
FNDA:67,(anonymous_6)
FNDA:0,(anonymous_7)
FNDA:2,(anonymous_8)
DA:5,1
DA:6,9
DA:9,18
DA:11,9
DA:12,2
DA:15,9
DA:16,0
DA:19,9
DA:21,67
DA:22,73
DA:24,67
DA:27,9
DA:30,67
DA:31,67
DA:32,67
DA:34,67
DA:35,67
DA:37,67
DA:71,0
DA:78,2
LF:20
LH:18
BRDA:32,0,0,67
BRDA:32,0,1,0
BRDA:43,1,0,67
BRDA:43,1,1,0
BRDA:52,2,0,67
BRDA:52,2,1,0
BRDA:58,3,0,67
BRDA:58,3,1,0
BRDA:66,4,0,67
BRDA:66,4,1,0
BRDA:75,5,0,67
BRDA:75,5,1,57
BRF:12
BRH:7
end_of_record
TN:
SF:src\components\ResCard.js
FN:5,(anonymous_0)
FN:35,(anonymous_1)
FN:36,(anonymous_2)
FNF:3
FNH:3
FNDA:68,(anonymous_0)
FNDA:8,(anonymous_1)
FNDA:17,(anonymous_2)
DA:5,2
DA:6,68
DA:7,68
DA:12,68
DA:35,2
DA:36,8
DA:37,17
LF:7
LH:7
BRF:0
BRH:0
end_of_record
TN:
SF:src\components\ResMenu.js
FN:7,(anonymous_0)
FN:26,(anonymous_1)
FN:32,(anonymous_2)
FN:44,(anonymous_3)
FN:49,(anonymous_4)
FNF:5
FNH:3
FNDA:2,(anonymous_0)
FNDA:13,(anonymous_1)
FNDA:0,(anonymous_2)
FNDA:1,(anonymous_3)
FNDA:0,(anonymous_4)
DA:7,1
DA:8,2
DA:9,2
DA:11,2
DA:13,2
DA:16,1
DA:25,1
DA:27,13
DA:32,1
DA:33,0
DA:36,1
DA:45,1
DA:49,0
LF:13
LH:11
BRDA:13,0,0,1
BRDA:13,0,1,1
BRDA:16,1,0,1
BRDA:16,1,1,0
BRDA:33,2,0,0
BRDA:33,2,1,0
BRDA:48,3,0,1
BRDA:48,3,1,0
BRF:8
BRH:4
end_of_record
TN:
SF:src\components\Shimmer.js
FN:1,(anonymous_0)
FNF:1
FNH:1
FNDA:3,(anonymous_0)
DA:1,2
DA:2,3
LF:2
LH:2
BRF:0
BRH:0
end_of_record
TN:
SF:src\components\sum.js
FN:1,(anonymous_0)
FNF:1
FNH:1
FNDA:1,(anonymous_0)
DA:1,1
DA:2,1
DA:5,1
LF:3
LH:3
BRF:0
BRH:0
end_of_record
TN:
SF:src\utils\UserContext.js
FNF:0
FNH:0
DA:3,3
LF:1
LH:1
BRF:0
BRH:0
end_of_record
TN:
SF:src\utils\appStore.js
FNF:0
FNH:0
DA:4,2
LF:1
LH:1
BRF:0
BRH:0
end_of_record
TN:
SF:src\utils\cartSlice.js
FN:9,(anonymous_0)
FN:13,(anonymous_1)
FN:23,(anonymous_2)
FNF:3
FNH:2
FNDA:2,(anonymous_0)
FNDA:0,(anonymous_1)
FNDA:1,(anonymous_2)
DA:3,2
DA:11,2
DA:21,0
DA:26,1
DA:31,2
LF:5
LH:4
BRF:0
BRH:0
end_of_record
TN:
SF:src\utils\constants.js
FNF:0
FNH:0
DA:2,4
DA:5,4
DA:8,4
LF:3
LH:3
BRF:0
BRH:0
end_of_record
TN:
SF:src\utils\useOnlineStatus.js
FN:3,(anonymous_0)
FN:6,(anonymous_1)
FN:7,(anonymous_2)
FN:10,(anonymous_3)
FNF:4
FNH:2
FNDA:14,(anonymous_0)
FNDA:6,(anonymous_1)
FNDA:0,(anonymous_2)
FNDA:0,(anonymous_3)
DA:3,3
DA:4,14
DA:6,14
DA:7,6
DA:8,0
DA:10,6
DA:11,0
DA:15,14
LF:8
LH:6
BRF:0
BRH:0
end_of_record
TN:
SF:src\utils\useRestaurantMenu.js
FN:4,(anonymous_0)
FN:7,(anonymous_1)
FN:11,(anonymous_2)
FNF:3
FNH:3
FNDA:2,(anonymous_0)
FNDA:1,(anonymous_1)
FNDA:1,(anonymous_2)
DA:4,1
DA:5,2
DA:7,2
DA:8,1
DA:11,2
DA:12,1
DA:13,1
DA:15,1
DA:18,2
LF:9
LH:9
BRF:0
BRH:0
end_of_record
